<?xml version="1.0" encoding="utf-8" ?>
<!DOCTYPE html PUBLIC "-//W3C//DTD XHTML 1.0 Strict//EN"
        "http://www.w3.org/TR/xhtml1/DTD/xhtml1-strict.dtd">
<html xmlns="http://www.w3.org/1999/xhtml" xml:lang="" lang="">
<head>
  <title>Test Results Report - Test with firefox</title>
  <meta http-equiv="Content-Type" content="text/html;charset=utf-8" />
  <meta name="description" content="TestNG unit test results." />
  <link href="reportng.css" rel="stylesheet" type="text/css" />
    <script type="text/javascript" src="reportng.js"></script>
</head>
<body>
<h1>Test with firefox</h1>
<p>
  Test duration: 158.257s
</p>



  <table class="resultsTable">
    <tr><th colspan="3" class="header failed">Failed Tests</th></tr>
          <tr>
        <td colspan="3" class="group">Testcase.SignUp.Regression_Test_Of_SignUp</td>
      </tr>
            
<tr>
  <td class="method">
                  TC26_Tour_Detail_Check_Promotion_Detail
      </td>
  <td class="duration">
    0.001s
  </td>
  <td class="result">
        
    
        

        <a href="javascript:toggleElement('exception-0', 'block')" title="Click to expand/collapse"><b>java.lang.Throwable: Mulitple failures (7):<br/>
Failure 1 of 7<br/>
java.lang.AssertionError: expected [Khuyến mãi mùa 1] but found [null]<br/>
	at org.testng.Assert.fail(Assert.java:94)<br/>
	at org.testng.Assert.failNotEquals(Assert.java:494)<br/>
	at org.testng.Assert.assertEquals(Assert.java:123)<br/>
	at org.testng.Assert.assertEquals(Assert.java:165)<br/>
	at Common.HelperFunction.AbstractTest.checkEquals(AbstractTest.java:90)<br/>
	at Common.HelperFunction.AbstractTest.verifyEquals(AbstractTest.java:101)<br/>
	at Testcase.SignUp.Regression_Test_Of_SignUp.TC26_Tour_Detail_Check_Promotion_Detail(Regression_Test_Of_SignUp.java:891)<br/>
	at java.base/jdk.internal.reflect.NativeMethodAccessorImpl.invoke0(Native Method)<br/>
	at java.base/jdk.internal.reflect.NativeMethodAccessorImpl.invoke(NativeMethodAccessorImpl.java:62)<br/>
	at java.base/jdk.internal.reflect.DelegatingMethodAccessorImpl.invoke(DelegatingMethodAccessorImpl.java:43)<br/>
	at java.base/java.lang.reflect.Method.invoke(Method.java:564)<br/>
	at org.testng.internal.MethodInvocationHelper.invokeMethod(MethodInvocationHelper.java:84)<br/>
	at org.testng.internal.Invoker.invokeMethod(Invoker.java:714)<br/>
	at org.testng.internal.Invoker.invokeTestMethod(Invoker.java:901)<br/>
	at org.testng.internal.Invoker.invokeTestMethods(Invoker.java:1231)<br/>
	at org.testng.internal.TestMethodWorker.invokeTestMethods(TestMethodWorker.java:127)<br/>
	at org.testng.internal.TestMethodWorker.run(TestMethodWorker.java:111)<br/>
	at org.testng.TestRunner.privateRun(TestRunner.java:767)<br/>
	at org.testng.TestRunner.run(TestRunner.java:617)<br/>
	at org.testng.SuiteRunner.runTest(SuiteRunner.java:334)<br/>
	at org.testng.SuiteRunner.runSequentially(SuiteRunner.java:329)<br/>
	at org.testng.SuiteRunner.privateRun(SuiteRunner.java:291)<br/>
	at org.testng.SuiteRunner.run(SuiteRunner.java:240)<br/>
	at org.testng.SuiteRunnerWorker.runSuite(SuiteRunnerWorker.java:52)<br/>
	at org.testng.SuiteRunnerWorker.run(SuiteRunnerWorker.java:86)<br/>
	at org.testng.TestNG.runSuitesSequentially(TestNG.java:1224)<br/>
	at org.testng.TestNG.runSuitesLocally(TestNG.java:1149)<br/>
	at org.testng.TestNG.run(TestNG.java:1057)<br/>
	at com.intellij.rt.testng.IDEARemoteTestNG.run(IDEARemoteTestNG.java:66)<br/>
	at com.intellij.rt.testng.RemoteTestNGStarter.main(RemoteTestNGStarter.java:109)<br/>
<br/>
Failure 2 of 7<br/>
java.lang.AssertionError: expected [Khuyến mãi ưu đãi lớn cho người thuộc lứa tuổi học sinh - sinh viên] but found [null]<br/>
	at org.testng.Assert.fail(Assert.java:94)<br/>
	at org.testng.Assert.failNotEquals(Assert.java:494)<br/>
	at org.testng.Assert.assertEquals(Assert.java:123)<br/>
	at org.testng.Assert.assertEquals(Assert.java:165)<br/>
	at Common.HelperFunction.AbstractTest.checkEquals(AbstractTest.java:90)<br/>
	at Common.HelperFunction.AbstractTest.verifyEquals(AbstractTest.java:101)<br/>
	at Testcase.SignUp.Regression_Test_Of_SignUp.TC26_Tour_Detail_Check_Promotion_Detail(Regression_Test_Of_SignUp.java:894)<br/>
	at java.base/jdk.internal.reflect.NativeMethodAccessorImpl.invoke0(Native Method)<br/>
	at java.base/jdk.internal.reflect.NativeMethodAccessorImpl.invoke(NativeMethodAccessorImpl.java:62)<br/>
	at java.base/jdk.internal.reflect.DelegatingMethodAccessorImpl.invoke(DelegatingMethodAccessorImpl.java:43)<br/>
	at java.base/java.lang.reflect.Method.invoke(Method.java:564)<br/>
	at org.testng.internal.MethodInvocationHelper.invokeMethod(MethodInvocationHelper.java:84)<br/>
	at org.testng.internal.Invoker.invokeMethod(Invoker.java:714)<br/>
	at org.testng.internal.Invoker.invokeTestMethod(Invoker.java:901)<br/>
	at org.testng.internal.Invoker.invokeTestMethods(Invoker.java:1231)<br/>
	at org.testng.internal.TestMethodWorker.invokeTestMethods(TestMethodWorker.java:127)<br/>
	at org.testng.internal.TestMethodWorker.run(TestMethodWorker.java:111)<br/>
	at org.testng.TestRunner.privateRun(TestRunner.java:767)<br/>
	at org.testng.TestRunner.run(TestRunner.java:617)<br/>
	at org.testng.SuiteRunner.runTest(SuiteRunner.java:334)<br/>
	at org.testng.SuiteRunner.runSequentially(SuiteRunner.java:329)<br/>
	at org.testng.SuiteRunner.privateRun(SuiteRunner.java:291)<br/>
	at org.testng.SuiteRunner.run(SuiteRunner.java:240)<br/>
	at org.testng.SuiteRunnerWorker.runSuite(SuiteRunnerWorker.java:52)<br/>
	at org.testng.SuiteRunnerWorker.run(SuiteRunnerWorker.java:86)<br/>
	at org.testng.TestNG.runSuitesSequentially(TestNG.java:1224)<br/>
	at org.testng.TestNG.runSuitesLocally(TestNG.java:1149)<br/>
	at org.testng.TestNG.run(TestNG.java:1057)<br/>
	at com.intellij.rt.testng.IDEARemoteTestNG.run(IDEARemoteTestNG.java:66)<br/>
	at com.intellij.rt.testng.RemoteTestNGStarter.main(RemoteTestNGStarter.java:109)<br/>
<br/>
Failure 3 of 7<br/>
java.lang.AssertionError: expected [12-10-2020, 20-10-2021] but found [null]<br/>
	at org.testng.Assert.fail(Assert.java:94)<br/>
	at org.testng.Assert.failNotEquals(Assert.java:494)<br/>
	at org.testng.Assert.assertEquals(Assert.java:123)<br/>
	at org.testng.Assert.assertEquals(Assert.java:165)<br/>
	at Common.HelperFunction.AbstractTest.checkEquals(AbstractTest.java:90)<br/>
	at Common.HelperFunction.AbstractTest.verifyEquals(AbstractTest.java:101)<br/>
	at Testcase.SignUp.Regression_Test_Of_SignUp.TC26_Tour_Detail_Check_Promotion_Detail(Regression_Test_Of_SignUp.java:906)<br/>
	at java.base/jdk.internal.reflect.NativeMethodAccessorImpl.invoke0(Native Method)<br/>
	at java.base/jdk.internal.reflect.NativeMethodAccessorImpl.invoke(NativeMethodAccessorImpl.java:62)<br/>
	at java.base/jdk.internal.reflect.DelegatingMethodAccessorImpl.invoke(DelegatingMethodAccessorImpl.java:43)<br/>
	at java.base/java.lang.reflect.Method.invoke(Method.java:564)<br/>
	at org.testng.internal.MethodInvocationHelper.invokeMethod(MethodInvocationHelper.java:84)<br/>
	at org.testng.internal.Invoker.invokeMethod(Invoker.java:714)<br/>
	at org.testng.internal.Invoker.invokeTestMethod(Invoker.java:901)<br/>
	at org.testng.internal.Invoker.invokeTestMethods(Invoker.java:1231)<br/>
	at org.testng.internal.TestMethodWorker.invokeTestMethods(TestMethodWorker.java:127)<br/>
	at org.testng.internal.TestMethodWorker.run(TestMethodWorker.java:111)<br/>
	at org.testng.TestRunner.privateRun(TestRunner.java:767)<br/>
	at org.testng.TestRunner.run(TestRunner.java:617)<br/>
	at org.testng.SuiteRunner.runTest(SuiteRunner.java:334)<br/>
	at org.testng.SuiteRunner.runSequentially(SuiteRunner.java:329)<br/>
	at org.testng.SuiteRunner.privateRun(SuiteRunner.java:291)<br/>
	at org.testng.SuiteRunner.run(SuiteRunner.java:240)<br/>
	at org.testng.SuiteRunnerWorker.runSuite(SuiteRunnerWorker.java:52)<br/>
	at org.testng.SuiteRunnerWorker.run(SuiteRunnerWorker.java:86)<br/>
	at org.testng.TestNG.runSuitesSequentially(TestNG.java:1224)<br/>
	at org.testng.TestNG.runSuitesLocally(TestNG.java:1149)<br/>
	at org.testng.TestNG.run(TestNG.java:1057)<br/>
	at com.intellij.rt.testng.IDEARemoteTestNG.run(IDEARemoteTestNG.java:66)<br/>
	at com.intellij.rt.testng.RemoteTestNGStarter.main(RemoteTestNGStarter.java:109)<br/>
<br/>
Failure 4 of 7<br/>
java.lang.AssertionError: expected [] but found [null]<br/>
	at org.testng.Assert.fail(Assert.java:94)<br/>
	at org.testng.Assert.failNotEquals(Assert.java:494)<br/>
	at org.testng.Assert.assertEquals(Assert.java:123)<br/>
	at org.testng.Assert.assertEquals(Assert.java:165)<br/>
	at Common.HelperFunction.AbstractTest.checkEquals(AbstractTest.java:90)<br/>
	at Common.HelperFunction.AbstractTest.verifyEquals(AbstractTest.java:101)<br/>
	at Testcase.SignUp.Regression_Test_Of_SignUp.TC26_Tour_Detail_Check_Promotion_Detail(Regression_Test_Of_SignUp.java:909)<br/>
	at java.base/jdk.internal.reflect.NativeMethodAccessorImpl.invoke0(Native Method)<br/>
	at java.base/jdk.internal.reflect.NativeMethodAccessorImpl.invoke(NativeMethodAccessorImpl.java:62)<br/>
	at java.base/jdk.internal.reflect.DelegatingMethodAccessorImpl.invoke(DelegatingMethodAccessorImpl.java:43)<br/>
	at java.base/java.lang.reflect.Method.invoke(Method.java:564)<br/>
	at org.testng.internal.MethodInvocationHelper.invokeMethod(MethodInvocationHelper.java:84)<br/>
	at org.testng.internal.Invoker.invokeMethod(Invoker.java:714)<br/>
	at org.testng.internal.Invoker.invokeTestMethod(Invoker.java:901)<br/>
	at org.testng.internal.Invoker.invokeTestMethods(Invoker.java:1231)<br/>
	at org.testng.internal.TestMethodWorker.invokeTestMethods(TestMethodWorker.java:127)<br/>
	at org.testng.internal.TestMethodWorker.run(TestMethodWorker.java:111)<br/>
	at org.testng.TestRunner.privateRun(TestRunner.java:767)<br/>
	at org.testng.TestRunner.run(TestRunner.java:617)<br/>
	at org.testng.SuiteRunner.runTest(SuiteRunner.java:334)<br/>
	at org.testng.SuiteRunner.runSequentially(SuiteRunner.java:329)<br/>
	at org.testng.SuiteRunner.privateRun(SuiteRunner.java:291)<br/>
	at org.testng.SuiteRunner.run(SuiteRunner.java:240)<br/>
	at org.testng.SuiteRunnerWorker.runSuite(SuiteRunnerWorker.java:52)<br/>
	at org.testng.SuiteRunnerWorker.run(SuiteRunnerWorker.java:86)<br/>
	at org.testng.TestNG.runSuitesSequentially(TestNG.java:1224)<br/>
	at org.testng.TestNG.runSuitesLocally(TestNG.java:1149)<br/>
	at org.testng.TestNG.run(TestNG.java:1057)<br/>
	at com.intellij.rt.testng.IDEARemoteTestNG.run(IDEARemoteTestNG.java:66)<br/>
	at com.intellij.rt.testng.RemoteTestNGStarter.main(RemoteTestNGStarter.java:109)<br/>
<br/>
Failure 5 of 7<br/>
java.lang.AssertionError: expected [] but found [null]<br/>
	at org.testng.Assert.fail(Assert.java:94)<br/>
	at org.testng.Assert.failNotEquals(Assert.java:494)<br/>
	at org.testng.Assert.assertEquals(Assert.java:123)<br/>
	at org.testng.Assert.assertEquals(Assert.java:165)<br/>
	at Common.HelperFunction.AbstractTest.checkEquals(AbstractTest.java:90)<br/>
	at Common.HelperFunction.AbstractTest.verifyEquals(AbstractTest.java:101)<br/>
	at Testcase.SignUp.Regression_Test_Of_SignUp.TC26_Tour_Detail_Check_Promotion_Detail(Regression_Test_Of_SignUp.java:912)<br/>
	at java.base/jdk.internal.reflect.NativeMethodAccessorImpl.invoke0(Native Method)<br/>
	at java.base/jdk.internal.reflect.NativeMethodAccessorImpl.invoke(NativeMethodAccessorImpl.java:62)<br/>
	at java.base/jdk.internal.reflect.DelegatingMethodAccessorImpl.invoke(DelegatingMethodAccessorImpl.java:43)<br/>
	at java.base/java.lang.reflect.Method.invoke(Method.java:564)<br/>
	at org.testng.internal.MethodInvocationHelper.invokeMethod(MethodInvocationHelper.java:84)<br/>
	at org.testng.internal.Invoker.invokeMethod(Invoker.java:714)<br/>
	at org.testng.internal.Invoker.invokeTestMethod(Invoker.java:901)<br/>
	at org.testng.internal.Invoker.invokeTestMethods(Invoker.java:1231)<br/>
	at org.testng.internal.TestMethodWorker.invokeTestMethods(TestMethodWorker.java:127)<br/>
	at org.testng.internal.TestMethodWorker.run(TestMethodWorker.java:111)<br/>
	at org.testng.TestRunner.privateRun(TestRunner.java:767)<br/>
	at org.testng.TestRunner.run(TestRunner.java:617)<br/>
	at org.testng.SuiteRunner.runTest(SuiteRunner.java:334)<br/>
	at org.testng.SuiteRunner.runSequentially(SuiteRunner.java:329)<br/>
	at org.testng.SuiteRunner.privateRun(SuiteRunner.java:291)<br/>
	at org.testng.SuiteRunner.run(SuiteRunner.java:240)<br/>
	at org.testng.SuiteRunnerWorker.runSuite(SuiteRunnerWorker.java:52)<br/>
	at org.testng.SuiteRunnerWorker.run(SuiteRunnerWorker.java:86)<br/>
	at org.testng.TestNG.runSuitesSequentially(TestNG.java:1224)<br/>
	at org.testng.TestNG.runSuitesLocally(TestNG.java:1149)<br/>
	at org.testng.TestNG.run(TestNG.java:1057)<br/>
	at com.intellij.rt.testng.IDEARemoteTestNG.run(IDEARemoteTestNG.java:66)<br/>
	at com.intellij.rt.testng.RemoteTestNGStarter.main(RemoteTestNGStarter.java:109)<br/>
<br/>
Failure 6 of 7<br/>
java.lang.AssertionError: expected [] but found [null]<br/>
	at org.testng.Assert.fail(Assert.java:94)<br/>
	at org.testng.Assert.failNotEquals(Assert.java:494)<br/>
	at org.testng.Assert.assertEquals(Assert.java:123)<br/>
	at org.testng.Assert.assertEquals(Assert.java:165)<br/>
	at Common.HelperFunction.AbstractTest.checkEquals(AbstractTest.java:90)<br/>
	at Common.HelperFunction.AbstractTest.verifyEquals(AbstractTest.java:101)<br/>
	at Testcase.SignUp.Regression_Test_Of_SignUp.TC26_Tour_Detail_Check_Promotion_Detail(Regression_Test_Of_SignUp.java:915)<br/>
	at java.base/jdk.internal.reflect.NativeMethodAccessorImpl.invoke0(Native Method)<br/>
	at java.base/jdk.internal.reflect.NativeMethodAccessorImpl.invoke(NativeMethodAccessorImpl.java:62)<br/>
	at java.base/jdk.internal.reflect.DelegatingMethodAccessorImpl.invoke(DelegatingMethodAccessorImpl.java:43)<br/>
	at java.base/java.lang.reflect.Method.invoke(Method.java:564)<br/>
	at org.testng.internal.MethodInvocationHelper.invokeMethod(MethodInvocationHelper.java:84)<br/>
	at org.testng.internal.Invoker.invokeMethod(Invoker.java:714)<br/>
	at org.testng.internal.Invoker.invokeTestMethod(Invoker.java:901)<br/>
	at org.testng.internal.Invoker.invokeTestMethods(Invoker.java:1231)<br/>
	at org.testng.internal.TestMethodWorker.invokeTestMethods(TestMethodWorker.java:127)<br/>
	at org.testng.internal.TestMethodWorker.run(TestMethodWorker.java:111)<br/>
	at org.testng.TestRunner.privateRun(TestRunner.java:767)<br/>
	at org.testng.TestRunner.run(TestRunner.java:617)<br/>
	at org.testng.SuiteRunner.runTest(SuiteRunner.java:334)<br/>
	at org.testng.SuiteRunner.runSequentially(SuiteRunner.java:329)<br/>
	at org.testng.SuiteRunner.privateRun(SuiteRunner.java:291)<br/>
	at org.testng.SuiteRunner.run(SuiteRunner.java:240)<br/>
	at org.testng.SuiteRunnerWorker.runSuite(SuiteRunnerWorker.java:52)<br/>
	at org.testng.SuiteRunnerWorker.run(SuiteRunnerWorker.java:86)<br/>
	at org.testng.TestNG.runSuitesSequentially(TestNG.java:1224)<br/>
	at org.testng.TestNG.runSuitesLocally(TestNG.java:1149)<br/>
	at org.testng.TestNG.run(TestNG.java:1057)<br/>
	at com.intellij.rt.testng.IDEARemoteTestNG.run(IDEARemoteTestNG.java:66)<br/>
	at com.intellij.rt.testng.RemoteTestNGStarter.main(RemoteTestNGStarter.java:109)<br/>
<br/>
Failure 7 of 7<br/>
java.lang.AssertionError: expected [] but found [null]</b></a><br />
    <div class="stackTrace" id="exception-0">
              org.testng.Assert.fail(Assert.java:94)<br />
              org.testng.Assert.failNotEquals(Assert.java:494)<br />
              org.testng.Assert.assertEquals(Assert.java:123)<br />
              org.testng.Assert.assertEquals(Assert.java:165)<br />
              Common.HelperFunction.AbstractTest.checkEquals(AbstractTest.java:90)<br />
              Common.HelperFunction.AbstractTest.verifyEquals(AbstractTest.java:101)<br />
              Testcase.SignUp.Regression_Test_Of_SignUp.TC26_Tour_Detail_Check_Promotion_Detail(Regression_Test_Of_SignUp.java:918)<br />
              java.base/jdk.internal.reflect.NativeMethodAccessorImpl.invoke0(Native Method)<br />
              java.base/jdk.internal.reflect.NativeMethodAccessorImpl.invoke(NativeMethodAccessorImpl.java:62)<br />
              java.base/jdk.internal.reflect.DelegatingMethodAccessorImpl.invoke(DelegatingMethodAccessorImpl.java:43)<br />
              java.base/java.lang.reflect.Method.invoke(Method.java:564)<br />
              org.testng.internal.MethodInvocationHelper.invokeMethod(MethodInvocationHelper.java:84)<br />
              org.testng.internal.Invoker.invokeMethod(Invoker.java:714)<br />
              org.testng.internal.Invoker.invokeTestMethod(Invoker.java:901)<br />
              org.testng.internal.Invoker.invokeTestMethods(Invoker.java:1231)<br />
              org.testng.internal.TestMethodWorker.invokeTestMethods(TestMethodWorker.java:127)<br />
              org.testng.internal.TestMethodWorker.run(TestMethodWorker.java:111)<br />
              org.testng.TestRunner.privateRun(TestRunner.java:767)<br />
              org.testng.TestRunner.run(TestRunner.java:617)<br />
              org.testng.SuiteRunner.runTest(SuiteRunner.java:334)<br />
              org.testng.SuiteRunner.runSequentially(SuiteRunner.java:329)<br />
              org.testng.SuiteRunner.privateRun(SuiteRunner.java:291)<br />
              org.testng.SuiteRunner.run(SuiteRunner.java:240)<br />
              org.testng.SuiteRunnerWorker.runSuite(SuiteRunnerWorker.java:52)<br />
              org.testng.SuiteRunnerWorker.run(SuiteRunnerWorker.java:86)<br />
              org.testng.TestNG.runSuitesSequentially(TestNG.java:1224)<br />
              org.testng.TestNG.runSuitesLocally(TestNG.java:1149)<br />
              org.testng.TestNG.run(TestNG.java:1057)<br />
              com.intellij.rt.testng.IDEARemoteTestNG.run(IDEARemoteTestNG.java:66)<br />
              com.intellij.rt.testng.RemoteTestNGStarter.main(RemoteTestNGStarter.java:109)<br />
                </div>
      </td>
</tr>
<tr>
  <td class="method">
                  TC26_Tour_Detail_Create_Service_Price
      </td>
  <td class="duration">
    31.651s
  </td>
  <td class="result">
        
    
        

        <a href="javascript:toggleElement('exception-1', 'block')" title="Click to expand/collapse"><b>org.openqa.selenium.TimeoutException: Expected condition failed: waiting for visibility of element located by By.xpath: //div[@id=&apos;tour-information&apos;] (tried for 30 second(s) with 500 milliseconds interval)</b></a><br />
    <div class="stackTrace" id="exception-1">
              org.openqa.selenium.support.ui.WebDriverWait.timeoutException(WebDriverWait.java:95)<br />
              org.openqa.selenium.support.ui.FluentWait.until(FluentWait.java:272)<br />
              Common.HelperFunction.AbstractPage.waitElementToVisible(AbstractPage.java:389)<br />
              Common.HelperFunction.AbstractPage.checkElementDisplay(AbstractPage.java:165)<br />
              Project.Business.Tour.Management.Detail.TourInfoTab.checkTourInfoTabDisplay(TourInfoTab.java:75)<br />
              Testcase.SignUp.Regression_Test_Of_SignUp.TC26_Tour_Detail_Create_Service_Price(Regression_Test_Of_SignUp.java:934)<br />
              java.base/jdk.internal.reflect.NativeMethodAccessorImpl.invoke0(Native Method)<br />
              java.base/jdk.internal.reflect.NativeMethodAccessorImpl.invoke(NativeMethodAccessorImpl.java:62)<br />
              java.base/jdk.internal.reflect.DelegatingMethodAccessorImpl.invoke(DelegatingMethodAccessorImpl.java:43)<br />
              java.base/java.lang.reflect.Method.invoke(Method.java:564)<br />
              org.testng.internal.MethodInvocationHelper.invokeMethod(MethodInvocationHelper.java:84)<br />
              org.testng.internal.Invoker.invokeMethod(Invoker.java:714)<br />
              org.testng.internal.Invoker.invokeTestMethod(Invoker.java:901)<br />
              org.testng.internal.Invoker.invokeTestMethods(Invoker.java:1231)<br />
              org.testng.internal.TestMethodWorker.invokeTestMethods(TestMethodWorker.java:127)<br />
              org.testng.internal.TestMethodWorker.run(TestMethodWorker.java:111)<br />
              org.testng.TestRunner.privateRun(TestRunner.java:767)<br />
              org.testng.TestRunner.run(TestRunner.java:617)<br />
              org.testng.SuiteRunner.runTest(SuiteRunner.java:334)<br />
              org.testng.SuiteRunner.runSequentially(SuiteRunner.java:329)<br />
              org.testng.SuiteRunner.privateRun(SuiteRunner.java:291)<br />
              org.testng.SuiteRunner.run(SuiteRunner.java:240)<br />
              org.testng.SuiteRunnerWorker.runSuite(SuiteRunnerWorker.java:52)<br />
              org.testng.SuiteRunnerWorker.run(SuiteRunnerWorker.java:86)<br />
              org.testng.TestNG.runSuitesSequentially(TestNG.java:1224)<br />
              org.testng.TestNG.runSuitesLocally(TestNG.java:1149)<br />
              org.testng.TestNG.run(TestNG.java:1057)<br />
              com.intellij.rt.testng.IDEARemoteTestNG.run(IDEARemoteTestNG.java:66)<br />
              com.intellij.rt.testng.RemoteTestNGStarter.main(RemoteTestNGStarter.java:109)<br />
                    <b>Caused by: </b> <a href="javascript:toggleElement('exception-2', 'block')" title="Click to expand/collapse">org.openqa.selenium.NoSuchElementException: no such element: Unable to locate element: {&quot;method&quot;:&quot;xpath&quot;,&quot;selector&quot;:&quot;//div[@id=&apos;tour-information&apos;]&quot;}<br/>
&nbsp; (Session info: chrome=85.0.4183.102)<br/>
For documentation on this error, please visit: https://www.seleniumhq.org/exceptions/no_such_element.html<br/>
Build info: version: &apos;3.141.59&apos;, revision: &apos;e82be7d358&apos;, time: &apos;2018-11-14T08:17:03&apos;<br/>
System info: host: &apos;ADMIN&apos;, ip: &apos;10.0.2.120&apos;, os.name: &apos;Windows 10&apos;, os.arch: &apos;amd64&apos;, os.version: &apos;10.0&apos;, java.version: &apos;14.0.2&apos;<br/>
Driver info: org.openqa.selenium.chrome.ChromeDriver<br/>
Capabilities {acceptInsecureCerts: false, browserName: chrome, browserVersion: 85.0.4183.102, chrome: {chromedriverVersion: 85.0.4183.87 (cd6713ebf92fa..., userDataDir: C:\Users\Admin\AppData\Loca...}, goog:chromeOptions: {debuggerAddress: localhost:58649}, javascriptEnabled: true, networkConnectionEnabled: false, pageLoadStrategy: normal, platform: WINDOWS, platformName: WINDOWS, proxy: Proxy(), setWindowRect: true, strictFileInteractability: false, timeouts: {implicit: 0, pageLoad: 300000, script: 30000}, unhandledPromptBehavior: dismiss and notify, webauthn:virtualAuthenticators: true}<br/>
Session ID: 0aeae8733ff6b2fa624c6b7a4360f1c3<br/>
*** Element info: {Using=xpath, value=//div[@id=&apos;tour-information&apos;]}</a><br />
        <div class="stackTrace" id="exception-2">
                      java.base/jdk.internal.reflect.NativeConstructorAccessorImpl.newInstance0(Native Method)<br />
                      java.base/jdk.internal.reflect.NativeConstructorAccessorImpl.newInstance(NativeConstructorAccessorImpl.java:62)<br />
                      java.base/jdk.internal.reflect.DelegatingConstructorAccessorImpl.newInstance(DelegatingConstructorAccessorImpl.java:45)<br />
                      java.base/java.lang.reflect.Constructor.newInstanceWithCaller(Constructor.java:500)<br />
                      java.base/java.lang.reflect.Constructor.newInstance(Constructor.java:481)<br />
                      org.openqa.selenium.remote.http.W3CHttpResponseCodec.createException(W3CHttpResponseCodec.java:187)<br />
                      org.openqa.selenium.remote.http.W3CHttpResponseCodec.decode(W3CHttpResponseCodec.java:122)<br />
                      org.openqa.selenium.remote.http.W3CHttpResponseCodec.decode(W3CHttpResponseCodec.java:49)<br />
                      org.openqa.selenium.remote.HttpCommandExecutor.execute(HttpCommandExecutor.java:158)<br />
                      org.openqa.selenium.remote.service.DriverCommandExecutor.execute(DriverCommandExecutor.java:83)<br />
                      org.openqa.selenium.remote.RemoteWebDriver.execute(RemoteWebDriver.java:552)<br />
                      org.openqa.selenium.remote.RemoteWebDriver.findElement(RemoteWebDriver.java:323)<br />
                      org.openqa.selenium.remote.RemoteWebDriver.findElementByXPath(RemoteWebDriver.java:428)<br />
                      org.openqa.selenium.By$ByXPath.findElement(By.java:353)<br />
                      org.openqa.selenium.remote.RemoteWebDriver.findElement(RemoteWebDriver.java:315)<br />
                      org.openqa.selenium.support.ui.ExpectedConditions$7.apply(ExpectedConditions.java:205)<br />
                      org.openqa.selenium.support.ui.ExpectedConditions$7.apply(ExpectedConditions.java:201)<br />
                      org.openqa.selenium.support.ui.FluentWait.until(FluentWait.java:249)<br />
                      Common.HelperFunction.AbstractPage.waitElementToVisible(AbstractPage.java:389)<br />
                      Common.HelperFunction.AbstractPage.checkElementDisplay(AbstractPage.java:165)<br />
                      Project.Business.Tour.Management.Detail.TourInfoTab.checkTourInfoTabDisplay(TourInfoTab.java:75)<br />
                      Testcase.SignUp.Regression_Test_Of_SignUp.TC26_Tour_Detail_Create_Service_Price(Regression_Test_Of_SignUp.java:934)<br />
                      java.base/jdk.internal.reflect.NativeMethodAccessorImpl.invoke0(Native Method)<br />
                      java.base/jdk.internal.reflect.NativeMethodAccessorImpl.invoke(NativeMethodAccessorImpl.java:62)<br />
                      java.base/jdk.internal.reflect.DelegatingMethodAccessorImpl.invoke(DelegatingMethodAccessorImpl.java:43)<br />
                      java.base/java.lang.reflect.Method.invoke(Method.java:564)<br />
                      org.testng.internal.MethodInvocationHelper.invokeMethod(MethodInvocationHelper.java:84)<br />
                      org.testng.internal.Invoker.invokeMethod(Invoker.java:714)<br />
                      org.testng.internal.Invoker.invokeTestMethod(Invoker.java:901)<br />
                      org.testng.internal.Invoker.invokeTestMethods(Invoker.java:1231)<br />
                      org.testng.internal.TestMethodWorker.invokeTestMethods(TestMethodWorker.java:127)<br />
                      org.testng.internal.TestMethodWorker.run(TestMethodWorker.java:111)<br />
                      org.testng.TestRunner.privateRun(TestRunner.java:767)<br />
                      org.testng.TestRunner.run(TestRunner.java:617)<br />
                      org.testng.SuiteRunner.runTest(SuiteRunner.java:334)<br />
                      org.testng.SuiteRunner.runSequentially(SuiteRunner.java:329)<br />
                      org.testng.SuiteRunner.privateRun(SuiteRunner.java:291)<br />
                      org.testng.SuiteRunner.run(SuiteRunner.java:240)<br />
                      org.testng.SuiteRunnerWorker.runSuite(SuiteRunnerWorker.java:52)<br />
                      org.testng.SuiteRunnerWorker.run(SuiteRunnerWorker.java:86)<br />
                      org.testng.TestNG.runSuitesSequentially(TestNG.java:1224)<br />
                      org.testng.TestNG.runSuitesLocally(TestNG.java:1149)<br />
                      org.testng.TestNG.run(TestNG.java:1057)<br />
                      com.intellij.rt.testng.IDEARemoteTestNG.run(IDEARemoteTestNG.java:66)<br />
                      com.intellij.rt.testng.RemoteTestNGStarter.main(RemoteTestNGStarter.java:109)<br />
                  </div>
          </div>
      </td>
</tr>
<tr>
  <td class="method">
                  TC27_Tour_Detail_Publish_Tour
      </td>
  <td class="duration">
    1.677s
  </td>
  <td class="result">
        
    
        

        <a href="javascript:toggleElement('exception-3', 'block')" title="Click to expand/collapse"><b>java.lang.NullPointerException</b></a><br />
    <div class="stackTrace" id="exception-3">
              Testcase.SignUp.Regression_Test_Of_SignUp.TC27_Tour_Detail_Publish_Tour(Regression_Test_Of_SignUp.java:957)<br />
              java.base/jdk.internal.reflect.NativeMethodAccessorImpl.invoke0(Native Method)<br />
              java.base/jdk.internal.reflect.NativeMethodAccessorImpl.invoke(NativeMethodAccessorImpl.java:62)<br />
              java.base/jdk.internal.reflect.DelegatingMethodAccessorImpl.invoke(DelegatingMethodAccessorImpl.java:43)<br />
              java.base/java.lang.reflect.Method.invoke(Method.java:564)<br />
              org.testng.internal.MethodInvocationHelper.invokeMethod(MethodInvocationHelper.java:84)<br />
              org.testng.internal.Invoker.invokeMethod(Invoker.java:714)<br />
              org.testng.internal.Invoker.invokeTestMethod(Invoker.java:901)<br />
              org.testng.internal.Invoker.invokeTestMethods(Invoker.java:1231)<br />
              org.testng.internal.TestMethodWorker.invokeTestMethods(TestMethodWorker.java:127)<br />
              org.testng.internal.TestMethodWorker.run(TestMethodWorker.java:111)<br />
              org.testng.TestRunner.privateRun(TestRunner.java:767)<br />
              org.testng.TestRunner.run(TestRunner.java:617)<br />
              org.testng.SuiteRunner.runTest(SuiteRunner.java:334)<br />
              org.testng.SuiteRunner.runSequentially(SuiteRunner.java:329)<br />
              org.testng.SuiteRunner.privateRun(SuiteRunner.java:291)<br />
              org.testng.SuiteRunner.run(SuiteRunner.java:240)<br />
              org.testng.SuiteRunnerWorker.runSuite(SuiteRunnerWorker.java:52)<br />
              org.testng.SuiteRunnerWorker.run(SuiteRunnerWorker.java:86)<br />
              org.testng.TestNG.runSuitesSequentially(TestNG.java:1224)<br />
              org.testng.TestNG.runSuitesLocally(TestNG.java:1149)<br />
              org.testng.TestNG.run(TestNG.java:1057)<br />
              com.intellij.rt.testng.IDEARemoteTestNG.run(IDEARemoteTestNG.java:66)<br />
              com.intellij.rt.testng.RemoteTestNGStarter.main(RemoteTestNGStarter.java:109)<br />
                </div>
      </td>
</tr>
      </table>


  <table class="resultsTable">
    <tr><th colspan="3" class="header passed">Passed Tests</th></tr>
          <tr>
        <td colspan="3" class="group">Testcase.SignUp.Regression_Test_Of_SignUp</td>
      </tr>
            
<tr>
  <td class="method">
                  TC05_Login_Newsfeed_With_Old_Account
      </td>
  <td class="duration">
    3.294s
  </td>
  <td class="result">
        
    
        

      </td>
</tr>
<tr>
  <td class="method">
                  TC12_Business_Create_New_Page_Tour
      </td>
  <td class="duration">
    11.102s
  </td>
  <td class="result">
        
    
        

      </td>
</tr>
<tr>
  <td class="method">
                  TC13_Tour_Update_Prepayment_Cancellation_On_General_Information
      </td>
  <td class="duration">
    4.538s
  </td>
  <td class="result">
        
    
        

      </td>
</tr>
<tr>
  <td class="method">
                  TC14_Tour_Update_VAT_On_General_Information
      </td>
  <td class="duration">
    0.240s
  </td>
  <td class="result">
        
    
        

      </td>
</tr>
<tr>
  <td class="method">
                  TC15_Tour_Update_Age_On_General_Information
      </td>
  <td class="duration">
    0.380s
  </td>
  <td class="result">
        
    
        

      </td>
</tr>
<tr>
  <td class="method">
                  TC16_Tour_Update_Notice_Order_On_General_Information
      </td>
  <td class="duration">
    1.399s
  </td>
  <td class="result">
        
    
        

      </td>
</tr>
<tr>
  <td class="method">
                  TC17_Tour_Publish_Page
      </td>
  <td class="duration">
    2.904s
  </td>
  <td class="result">
        
    
        

      </td>
</tr>
<tr>
  <td class="method">
                  TC18_Tour_Create_New_Topic
      </td>
  <td class="duration">
    9.113s
  </td>
  <td class="result">
        
    
        

      </td>
</tr>
<tr>
  <td class="method">
                  TC19_Tour_Create_New_Tour
      </td>
  <td class="duration">
    4.682s
  </td>
  <td class="result">
        
    
        

      </td>
</tr>
<tr>
  <td class="method">
                  TC20_Tour_Detail_Update_Information
      </td>
  <td class="duration">
    32.915s
  </td>
  <td class="result">
        
    
        

      </td>
</tr>
<tr>
  <td class="method">
                  TC21_Tour_Detail_Create_New_Part
      </td>
  <td class="duration">
    13.339s
  </td>
  <td class="result">
        
    
        

      </td>
</tr>
<tr>
  <td class="method">
                  TC22_Tour_Detail_Create_New_Price
      </td>
  <td class="duration">
    10.172s
  </td>
  <td class="result">
        
    
        

      </td>
</tr>
<tr>
  <td class="method">
                  TC23_Tour_Detail_Choose_Date_For_Open_Sale_Tour
      </td>
  <td class="duration">
    5.441s
  </td>
  <td class="result">
        
    
        

      </td>
</tr>
<tr>
  <td class="method">
                  TC24_Tour_Detail_Update_Services_Provided
      </td>
  <td class="duration">
    2.409s
  </td>
  <td class="result">
        
    
        

      </td>
</tr>
<tr>
  <td class="method">
                  TC25_Tour_Detail_Create_New_Promotion_Apply
      </td>
  <td class="duration">
    13.137s
  </td>
  <td class="result">
        
    
        

      </td>
</tr>
<tr>
  <td class="method">
                  TC28_Tour_Detail_View_Page_On_Newsfeed
      </td>
  <td class="duration">
    0.000s
  </td>
  <td class="result">
        
    
        

      </td>
</tr>
      </table>
  
</body>
</html>
